35.0 APEX_CODE,FINEST;APEX_PROFILING,INFO;CALLOUT,INFO;DB,INFO;SYSTEM,DEBUG;VALIDATION,INFO;VISUALFORCE,INFO;WORKFLOW,INFO
03:25:24.044 (44072841)|EXECUTION_STARTED
03:25:24.044 (44104681)|CODE_UNIT_STARTED|[EXTERNAL]|VisualForce View State
03:25:24.259 (259048025)|CODE_UNIT_FINISHED|VisualForce View State
03:25:24.259 (259183030)|EXECUTION_FINISHED
03:25:25.091 (1091205432)|CUMULATIVE_LIMIT_USAGE
03:25:25.091 (1091205432)|LIMIT_USAGE_FOR_NS|(default)|
  Number of SOQL queries: 0 out of 100
  Number of query rows: 0 out of 50000
  Number of SOSL queries: 0 out of 20
  Number of DML statements: 0 out of 150
  Number of DML rows: 0 out of 10000
  Maximum CPU time: 0 out of 10000
  Maximum heap size: 0 out of 6000000
  Number of callouts: 0 out of 100
  Number of Email Invocations: 0 out of 10
  Number of future calls: 0 out of 50
  Number of queueable jobs added to the queue: 0 out of 50
  Number of Mobile Apex push calls: 0 out of 10

03:25:25.091 (1091205432)|CUMULATIVE_LIMIT_USAGE_END

