35.0 APEX_CODE,FINEST;APEX_PROFILING,INFO;CALLOUT,INFO;DB,INFO;SYSTEM,DEBUG;VALIDATION,INFO;VISUALFORCE,INFO;WORKFLOW,INFO
00:27:13.074 (74078561)|EXECUTION_STARTED
00:27:13.074 (74141426)|CODE_UNIT_STARTED|[EXTERNAL]|Workflow:01IZ0000000Bhm7
00:27:13.089 (89998178)|WF_RULE_EVAL_BEGIN|Workflow
00:27:13.090 (90171067)|WF_CRITERIA_BEGIN|[CV Royalty Payment Tracking: RPT-0000710 a2vZ00000009b4k]|Set calculate next royalty payment on contract when payment is received|01QZ00000001CI8|ON_ALL_CHANGES|0
00:27:13.090 (90580624)|WF_FORMULA|Formula:ENCODED:[treatNullAsNull]OR(
    ISNEW(),
    ISCHANGED( {!ID:00NZ0000001gSo6} )
)|Values:isReceived__c=1
00:27:13.090 (90641040)|WF_CRITERIA_END|true
00:27:13.091 (91077465)|WF_SPOOL_ACTION_BEGIN|Workflow
00:27:13.091 (91118598)|WF_ACTION| Field Update: 1;
00:27:13.091 (91126172)|WF_RULE_EVAL_END
00:27:13.105 (105373696)|WF_ACTIONS_END| Field Update: 1;
00:27:13.105 (105385841)|CODE_UNIT_FINISHED|Workflow:01IZ0000000Bhm7
00:27:13.105 (105392580)|EXECUTION_FINISHED
00:27:13.106 (106702203)|EXECUTION_STARTED
00:27:13.106 (106709613)|CODE_UNIT_STARTED|[EXTERNAL]|Workflow:ParentFieldUpdate
00:27:13.106 (106790853)|CODE_UNIT_FINISHED|Workflow:ParentFieldUpdate
00:27:13.106 (106796531)|EXECUTION_FINISHED
